Using pre-set license
Built from '2020.2/staging' branch; Version is '2020.2.5f1 (e2c53f129de5) revision 14861631'; Using compiler version '192528614'; Build Type 'Release'
OS: 'Windows 10 Home; OS build 18363.1379; Version 1909; 64bit' Language: 'en' Physical Memory: 16327 MB
BatchMode: 1, IsHumanControllingUs: 0, StartBugReporterOnCrash: 0, Is64bit: 1, IsPro: 0

 COMMAND LINE ARGUMENTS:
D:\UnityInstalls\2020.2.5f1\Editor\Unity.exe
-adb2
-batchMode
-noUpm
-name
AssetImportWorker0
-projectPath
C:/Users/Mike/Documents/Projects/Go4AWalk2
-logFile
Logs/AssetImportWorker0.log
-srvPort
58526
Successfully changed project path to: C:/Users/Mike/Documents/Projects/Go4AWalk2
C:/Users/Mike/Documents/Projects/Go4AWalk2
Using Asset Import Pipeline V2.
Refreshing native plugins compatible for Editor in 43.69 ms, found 0 plugins.
Preloading 0 native plugins for Editor in 0.00 ms.
Initialize engine version: 2020.2.5f1 (e2c53f129de5)
[Subsystems] Discovering subsystems at path D:/UnityInstalls/2020.2.5f1/Editor/Data/Resources/UnitySubsystems
[Subsystems] Discovering subsystems at path C:/Users/Mike/Documents/Projects/Go4AWalk2/Assets
GfxDevice: creating device client; threaded=0
Direct3D:
    Version:  Direct3D 11.0 [level 11.1]
    Renderer: Radeon RX Vega (ID=0x687f)
    Vendor:   
    VRAM:     8119 MB
    Driver:   27.20.14501.18003
Initialize mono
Mono path[0] = 'D:/UnityInstalls/2020.2.5f1/Editor/Data/Managed'
Mono path[1] = 'D:/UnityInstalls/2020.2.5f1/Editor/Data/MonoBleedingEdge/lib/mono/unityjit'
Mono config path = 'D:/UnityInstalls/2020.2.5f1/Editor/Data/MonoBleedingEdge/etc'
Using monoOptions --debugger-agent=transport=dt_socket,embedding=1,server=y,suspend=n,address=127.0.0.1:56000
Begin MonoManager ReloadAssembly
Registering precompiled unity dll's ...
Register platform support module: D:/UnityInstalls/2020.2.5f1/Editor/Data/PlaybackEngines/WindowsStandaloneSupport/UnityEditor.WindowsStandalone.Extensions.dll
Registered in 0.000677 seconds.
Native extension for WindowsStandalone target not found
Refreshing native plugins compatible for Editor in 32.28 ms, found 0 plugins.
Preloading 0 native plugins for Editor in 0.00 ms.
Invoked RoslynAnalysisRunner static constructor.
RoslynAnalysisRunner will not be running.
RoslynAnalysisRunner has terminated.
Mono: successfully reloaded assembly
- Completed reload, in  1.854 seconds
Platform modules already initialized, skipping
Registering precompiled user dll's ...
Registered in 0.020795 seconds.
Begin MonoManager ReloadAssembly
Native extension for WindowsStandalone target not found
Refreshing native plugins compatible for Editor in 1.18 ms, found 0 plugins.
Preloading 0 native plugins for Editor in 0.00 ms.
Invoked RoslynAnalysisRunner static constructor.
RoslynAnalysisRunner will not be running.
RoslynAnalysisRunner has terminated.
Mono: successfully reloaded assembly
- Completed reload, in  1.181 seconds
Platform modules already initialized, skipping
========================================================================
Worker process is ready to serve import requests
Launched and connected shader compiler UnityShaderCompiler.exe after 0.05 seconds
Refreshing native plugins compatible for Editor in 0.48 ms, found 0 plugins.
Preloading 0 native plugins for Editor in 0.00 ms.
Unloading 1578 Unused Serialized files (Serialized files now loaded: 0)
System memory in use before: 81.6 MB.
System memory in use after: 81.7 MB.

Unloading 33 unused Assets to reduce memory usage. Loaded Objects now: 2069.
Total: 13.905300 ms (FindLiveObjects: 0.165600 ms CreateObjectMapping: 0.087900 ms MarkObjects: 13.585200 ms  DeleteObjects: 0.065500 ms)

========================================================================
Received Prepare
Registering precompiled user dll's ...
Registered in 0.007201 seconds.
Begin MonoManager ReloadAssembly
Native extension for WindowsStandalone target not found
Refreshing native plugins compatible for Editor in 0.44 ms, found 0 plugins.
Preloading 0 native plugins for Editor in 0.00 ms.
Invoked RoslynAnalysisRunner static constructor.
RoslynAnalysisRunner will not be running.
RoslynAnalysisRunner has terminated.
Mono: successfully reloaded assembly
- Completed reload, in  1.132 seconds
Platform modules already initialized, skipping
Switching build target platform(5) subTarget(0) extendedPlatform(0) -> platform(13) subTarget(589824) extendedPlatform(0)
Refreshing native plugins compatible for Editor in 0.43 ms, found 0 plugins.
Preloading 0 native plugins for Editor in 0.00 ms.
Unloading 1565 Unused Serialized files (Serialized files now loaded: 0)
System memory in use before: 98.0 MB.
System memory in use after: 98.1 MB.

Unloading 24 unused Assets to reduce memory usage. Loaded Objects now: 2071.
Total: 14.437100 ms (FindLiveObjects: 0.159400 ms CreateObjectMapping: 0.055300 ms MarkObjects: 14.199700 ms  DeleteObjects: 0.021000 ms)

AssetImportParameters requested are different than current active one (requested -> active):
  custom:graphics/normal-map-encoding: 01000000000000000000000000000000 -> 02000000000000000000000000000000
========================================================================
Received Import Request.
  path: Assets/Scripts/SavingAndLoading/SaveData.cs
  artifactKey: Guid(8409f6cb80b49744a9ef3a2c48aec3c3) Importer(815301076,1909f56bfc062723c751e8b465ee728b)
Start importing Assets/Scripts/SavingAndLoading/SaveData.cs using Guid(8409f6cb80b49744a9ef3a2c48aec3c3) Importer(815301076,1909f56bfc062723c751e8b465ee728b)  -> (artifact id: 'a9df968e65179a34e3514201f46d7763') in 0.030462 seconds
  Import took 0.033662 seconds .

========================================================================
Received Import Request.
  Time since last request: 1.775594 seconds.
  path: Assets/Scripts/Managers/ConsumableManager.cs
  artifactKey: Guid(7be0d61242c6e6747bcced56e7e6537a) Importer(815301076,1909f56bfc062723c751e8b465ee728b)
Start importing Assets/Scripts/Managers/ConsumableManager.cs using Guid(7be0d61242c6e6747bcced56e7e6537a) Importer(815301076,1909f56bfc062723c751e8b465ee728b)  -> (artifact id: '8e994083847aa278280303811003ec94') in 0.003081 seconds
  Import took 0.006004 seconds .

========================================================================
Received Import Request.
  Time since last request: 0.021785 seconds.
  path: Assets/Scripts/Managers/ConsumableManager.cs
  artifactKey: Guid(7be0d61242c6e6747bcced56e7e6537a) Importer(815301076,1909f56bfc062723c751e8b465ee728b)
Start importing Assets/Scripts/Managers/ConsumableManager.cs using Guid(7be0d61242c6e6747bcced56e7e6537a) Importer(815301076,1909f56bfc062723c751e8b465ee728b)  -> (artifact id: '8e994083847aa278280303811003ec94') in 0.002657 seconds
  Import took 0.005149 seconds .

========================================================================
Received Import Request.
  Time since last request: 13.912980 seconds.
  path: Assets/Scripts/GameUI/ConsumableUi.cs
  artifactKey: Guid(3fb18ff6738d5be449937fab0f44cede) Importer(815301076,1909f56bfc062723c751e8b465ee728b)
Start importing Assets/Scripts/GameUI/ConsumableUi.cs using Guid(3fb18ff6738d5be449937fab0f44cede) Importer(815301076,1909f56bfc062723c751e8b465ee728b)  -> (artifact id: '0b2aead78b0ab025d9a6e23a8eacb6cf') in 0.002578 seconds
  Import took 0.017843 seconds .

========================================================================
Received Import Request.
  Time since last request: 8.481763 seconds.
  path: Assets/Scripts/BaitBuffManager.cs
  artifactKey: Guid(e6b08bcf6cda4384abdca74816e009e5) Importer(815301076,1909f56bfc062723c751e8b465ee728b)
Start importing Assets/Scripts/BaitBuffManager.cs using Guid(e6b08bcf6cda4384abdca74816e009e5) Importer(815301076,1909f56bfc062723c751e8b465ee728b)  -> (artifact id: '55b5a1de5f31ea93f6f8c314a49b2703') in 0.016371 seconds
  Import took 0.019213 seconds .

========================================================================
Received Prepare
Registering precompiled user dll's ...
Registered in 0.007195 seconds.
Begin MonoManager ReloadAssembly
Native extension for WindowsStandalone target not found
Refreshing native plugins compatible for Editor in 0.45 ms, found 0 plugins.
Preloading 0 native plugins for Editor in 0.00 ms.
Invoked RoslynAnalysisRunner static constructor.
RoslynAnalysisRunner will not be running.
RoslynAnalysisRunner has terminated.
Mono: successfully reloaded assembly
- Completed reload, in  0.966 seconds
Platform modules already initialized, skipping
Switching build target platform(5) subTarget(0) extendedPlatform(0) -> platform(13) subTarget(589824) extendedPlatform(0)
Refreshing native plugins compatible for Editor in 0.45 ms, found 0 plugins.
Preloading 0 native plugins for Editor in 0.00 ms.
Unloading 1562 Unused Serialized files (Serialized files now loaded: 0)
System memory in use before: 98.0 MB.
System memory in use after: 98.1 MB.

Unloading 24 unused Assets to reduce memory usage. Loaded Objects now: 2073.
Total: 14.267200 ms (FindLiveObjects: 0.144000 ms CreateObjectMapping: 0.059500 ms MarkObjects: 14.040200 ms  DeleteObjects: 0.022400 ms)

AssetImportParameters requested are different than current active one (requested -> active):
  custom:graphics/normal-map-encoding: 01000000000000000000000000000000 -> 02000000000000000000000000000000
========================================================================
Received Import Request.
  Time since last request: 33.586164 seconds.
  path: Assets/Scripts/Managers/AchievementManager.cs
  artifactKey: Guid(816af950fedb51e4e829c36a5f9724a7) Importer(815301076,1909f56bfc062723c751e8b465ee728b)
Start importing Assets/Scripts/Managers/AchievementManager.cs using Guid(816af950fedb51e4e829c36a5f9724a7) Importer(815301076,1909f56bfc062723c751e8b465ee728b)  -> (artifact id: 'b62d2180785596b436c8025222917b31') in 0.005010 seconds
  Import took 0.008174 seconds .

========================================================================
Received Import Request.
  Time since last request: 0.000719 seconds.
  path: Assets/Scripts/Managers/AchievementManager.cs
  artifactKey: Guid(816af950fedb51e4e829c36a5f9724a7) Importer(815301076,1909f56bfc062723c751e8b465ee728b)
Start importing Assets/Scripts/Managers/AchievementManager.cs using Guid(816af950fedb51e4e829c36a5f9724a7) Importer(815301076,1909f56bfc062723c751e8b465ee728b)  -> (artifact id: 'b62d2180785596b436c8025222917b31') in 0.003399 seconds
  Import took 0.005596 seconds .

========================================================================
Received Prepare
Registering precompiled user dll's ...
Registered in 0.006777 seconds.
Begin MonoManager ReloadAssembly
Native extension for WindowsStandalone target not found
Refreshing native plugins compatible for Editor in 0.43 ms, found 0 plugins.
Preloading 0 native plugins for Editor in 0.00 ms.
Invoked RoslynAnalysisRunner static constructor.
RoslynAnalysisRunner will not be running.
RoslynAnalysisRunner has terminated.
Mono: successfully reloaded assembly
- Completed reload, in  0.970 seconds
Platform modules already initialized, skipping
Switching build target platform(5) subTarget(0) extendedPlatform(0) -> platform(13) subTarget(589824) extendedPlatform(0)
Refreshing native plugins compatible for Editor in 0.40 ms, found 0 plugins.
Preloading 0 native plugins for Editor in 0.00 ms.
Unloading 1561 Unused Serialized files (Serialized files now loaded: 0)
System memory in use before: 98.0 MB.
System memory in use after: 98.1 MB.

Unloading 24 unused Assets to reduce memory usage. Loaded Objects now: 2075.
Total: 14.127100 ms (FindLiveObjects: 0.141800 ms CreateObjectMapping: 0.043900 ms MarkObjects: 13.917200 ms  DeleteObjects: 0.022200 ms)

AssetImportParameters requested are different than current active one (requested -> active):
  custom:graphics/normal-map-encoding: 01000000000000000000000000000000 -> 02000000000000000000000000000000
========================================================================
Received Prepare
Registering precompiled user dll's ...
Registered in 0.009445 seconds.
Begin MonoManager ReloadAssembly
Native extension for WindowsStandalone target not found
Refreshing native plugins compatible for Editor in 0.43 ms, found 0 plugins.
Preloading 0 native plugins for Editor in 0.00 ms.
Invoked RoslynAnalysisRunner static constructor.
RoslynAnalysisRunner will not be running.
RoslynAnalysisRunner has terminated.
Mono: successfully reloaded assembly
- Completed reload, in  1.088 seconds
Platform modules already initialized, skipping
Switching build target platform(5) subTarget(0) extendedPlatform(0) -> platform(13) subTarget(589824) extendedPlatform(0)
Refreshing native plugins compatible for Editor in 0.42 ms, found 0 plugins.
Preloading 0 native plugins for Editor in 0.00 ms.
Unloading 1560 Unused Serialized files (Serialized files now loaded: 0)
System memory in use before: 97.9 MB.
System memory in use after: 98.0 MB.

Unloading 24 unused Assets to reduce memory usage. Loaded Objects now: 2077.
Total: 17.892500 ms (FindLiveObjects: 0.148400 ms CreateObjectMapping: 0.049300 ms MarkObjects: 17.673000 ms  DeleteObjects: 0.020600 ms)

AssetImportParameters requested are different than current active one (requested -> active):
  custom:graphics/normal-map-encoding: 01000000000000000000000000000000 -> 02000000000000000000000000000000
========================================================================
Received Import Request.
  Time since last request: 39.351650 seconds.
  path: Assets/Scripts/SavingAndLoading/SaveGame.cs
  artifactKey: Guid(aa79826a657c45342af8769d16a06bad) Importer(815301076,1909f56bfc062723c751e8b465ee728b)
Start importing Assets/Scripts/SavingAndLoading/SaveGame.cs using Guid(aa79826a657c45342af8769d16a06bad) Importer(815301076,1909f56bfc062723c751e8b465ee728b)  -> (artifact id: '0c1fadc1d59840839f471337cee9412a') in 0.005524 seconds
  Import took 0.009554 seconds .

========================================================================
Received Import Request.
  Time since last request: 238.796645 seconds.
  path: Assets/Scripts/SavingAndLoading/SaveGame.cs
  artifactKey: Guid(aa79826a657c45342af8769d16a06bad) Importer(815301076,1909f56bfc062723c751e8b465ee728b)
Start importing Assets/Scripts/SavingAndLoading/SaveGame.cs using Guid(aa79826a657c45342af8769d16a06bad) Importer(815301076,1909f56bfc062723c751e8b465ee728b)  -> (artifact id: '4b68b0337dd29554a6c0f89595b1df54') in 0.002455 seconds
  Import took 0.004758 seconds .

========================================================================
Received Import Request.
  Time since last request: 692.013416 seconds.
  path: Assets/Scripts/SavingAndLoading/SaveGame.cs
  artifactKey: Guid(aa79826a657c45342af8769d16a06bad) Importer(815301076,1909f56bfc062723c751e8b465ee728b)
Start importing Assets/Scripts/SavingAndLoading/SaveGame.cs using Guid(aa79826a657c45342af8769d16a06bad) Importer(815301076,1909f56bfc062723c751e8b465ee728b)  -> (artifact id: 'a95bc22088b58ba943f34d4fb3b60b5a') in 0.002924 seconds
  Import took 0.005767 seconds .

========================================================================
Received Prepare
Registering precompiled user dll's ...
Registered in 0.006827 seconds.
Begin MonoManager ReloadAssembly
Native extension for WindowsStandalone target not found
Refreshing native plugins compatible for Editor in 0.52 ms, found 0 plugins.
Preloading 0 native plugins for Editor in 0.00 ms.
Invoked RoslynAnalysisRunner static constructor.
RoslynAnalysisRunner will not be running.
RoslynAnalysisRunner has terminated.
Mono: successfully reloaded assembly
- Completed reload, in  0.962 seconds
Platform modules already initialized, skipping
Switching build target platform(5) subTarget(0) extendedPlatform(0) -> platform(13) subTarget(589824) extendedPlatform(0)
Refreshing native plugins compatible for Editor in 0.42 ms, found 0 plugins.
Preloading 0 native plugins for Editor in 0.00 ms.
Unloading 1560 Unused Serialized files (Serialized files now loaded: 0)
System memory in use before: 98.0 MB.
System memory in use after: 98.1 MB.

Unloading 24 unused Assets to reduce memory usage. Loaded Objects now: 2079.
Total: 14.048200 ms (FindLiveObjects: 0.245700 ms CreateObjectMapping: 0.097600 ms MarkObjects: 13.666800 ms  DeleteObjects: 0.036500 ms)

AssetImportParameters requested are different than current active one (requested -> active):
  custom:graphics/normal-map-encoding: 01000000000000000000000000000000 -> 02000000000000000000000000000000
========================================================================
Received Import Request.
  Time since last request: 608.413279 seconds.
  path: Assets/Scripts/FluteController.cs
  artifactKey: Guid(fb9af18aed5de034c8be9ad2fc437c19) Importer(815301076,1909f56bfc062723c751e8b465ee728b)
Start importing Assets/Scripts/FluteController.cs using Guid(fb9af18aed5de034c8be9ad2fc437c19) Importer(815301076,1909f56bfc062723c751e8b465ee728b)  -> (artifact id: '873d5dc719210e6ed0aebef122129475') in 0.018333 seconds
  Import took 0.021832 seconds .

========================================================================
Received Import Request.
  Time since last request: 0.007059 seconds.
  path: Assets/Scripts/FluteController.cs
  artifactKey: Guid(fb9af18aed5de034c8be9ad2fc437c19) Importer(815301076,1909f56bfc062723c751e8b465ee728b)
Start importing Assets/Scripts/FluteController.cs using Guid(fb9af18aed5de034c8be9ad2fc437c19) Importer(815301076,1909f56bfc062723c751e8b465ee728b)  -> (artifact id: '873d5dc719210e6ed0aebef122129475') in 0.002756 seconds
  Import took 0.005088 seconds .

========================================================================
Received Prepare
Registering precompiled user dll's ...
Registered in 0.007362 seconds.
Begin MonoManager ReloadAssembly
Native extension for WindowsStandalone target not found
Refreshing native plugins compatible for Editor in 0.48 ms, found 0 plugins.
Preloading 0 native plugins for Editor in 0.00 ms.
Invoked RoslynAnalysisRunner static constructor.
RoslynAnalysisRunner will not be running.
RoslynAnalysisRunner has terminated.
Mono: successfully reloaded assembly
- Completed reload, in  0.973 seconds
Platform modules already initialized, skipping
Switching build target platform(5) subTarget(0) extendedPlatform(0) -> platform(13) subTarget(589824) extendedPlatform(0)
Refreshing native plugins compatible for Editor in 0.43 ms, found 0 plugins.
Preloading 0 native plugins for Editor in 0.00 ms.
Unloading 1559 Unused Serialized files (Serialized files now loaded: 0)
System memory in use before: 97.9 MB.
System memory in use after: 98.0 MB.

Unloading 24 unused Assets to reduce memory usage. Loaded Objects now: 2081.
Total: 14.611900 ms (FindLiveObjects: 0.155200 ms CreateObjectMapping: 0.079100 ms MarkObjects: 14.351200 ms  DeleteObjects: 0.025300 ms)

AssetImportParameters requested are different than current active one (requested -> active):
  custom:graphics/normal-map-encoding: 01000000000000000000000000000000 -> 02000000000000000000000000000000
========================================================================
Received Import Request.
  Time since last request: 14.825420 seconds.
  path: Assets/Data/SaveManagers
  artifactKey: Guid(3af38aa54202ace4eaec1fa31456a7e4) Importer(815301076,1909f56bfc062723c751e8b465ee728b)
Start importing Assets/Data/SaveManagers using Guid(3af38aa54202ace4eaec1fa31456a7e4) Importer(815301076,1909f56bfc062723c751e8b465ee728b)  -> (artifact id: 'f818b17df62cd5f57c616ba7f24664ee') in 0.005011 seconds
  Import took 0.008256 seconds .

========================================================================
Received Import Request.
  Time since last request: 0.004364 seconds.
  path: Assets/Data/SaveManagers
  artifactKey: Guid(3af38aa54202ace4eaec1fa31456a7e4) Importer(815301076,1909f56bfc062723c751e8b465ee728b)
Start importing Assets/Data/SaveManagers using Guid(3af38aa54202ace4eaec1fa31456a7e4) Importer(815301076,1909f56bfc062723c751e8b465ee728b)  -> (artifact id: 'f818b17df62cd5f57c616ba7f24664ee') in 0.003422 seconds
  Import took 0.005782 seconds .

========================================================================
Received Import Request.
  Time since last request: 10.093840 seconds.
  path: Assets/Data/SaveManagers/SaveGame.asset
  artifactKey: Guid(e86f7488920c8024fab3b3017fb83302) Importer(815301076,1909f56bfc062723c751e8b465ee728b)
Start importing Assets/Data/SaveManagers/SaveGame.asset using Guid(e86f7488920c8024fab3b3017fb83302) Importer(815301076,1909f56bfc062723c751e8b465ee728b) UnityException: get_persistentDataPath is not allowed to be called from a ScriptableObject constructor (or instance field initializer), call it in OnEnable instead. Called from ScriptableObject 'SaveGame'.
See "Script Serialization" page in the Unity Manual for further details.
  at (wrapper managed-to-native) UnityEngine.Application.get_persistentDataPath()
  at G4AW2.SaveGame..cctor () [0x0000a] in C:\Users\Mike\Documents\Projects\Go4AWalk2\Assets\Scripts\SavingAndLoading\SaveGame.cs:16 
Rethrow as TypeInitializationException: The type initializer for 'G4AW2.SaveGame' threw an exception.


(Filename: Assets/Scripts/SavingAndLoading/SaveGame.cs Line: 16)

 -> (artifact id: '607ecf4d4a3062fe4121ba0f17b9483c') in 0.017083 seconds
  Import took 0.019429 seconds .

========================================================================
Received Prepare
Registering precompiled user dll's ...
Registered in 0.006981 seconds.
Begin MonoManager ReloadAssembly
Native extension for WindowsStandalone target not found
Refreshing native plugins compatible for Editor in 0.43 ms, found 0 plugins.
Preloading 0 native plugins for Editor in 0.00 ms.
Invoked RoslynAnalysisRunner static constructor.
RoslynAnalysisRunner will not be running.
RoslynAnalysisRunner has terminated.
Mono: successfully reloaded assembly
- Completed reload, in  0.964 seconds
Platform modules already initialized, skipping
Switching build target platform(5) subTarget(0) extendedPlatform(0) -> platform(13) subTarget(589824) extendedPlatform(0)
Refreshing native plugins compatible for Editor in 0.44 ms, found 0 plugins.
Preloading 0 native plugins for Editor in 0.00 ms.
Unloading 1559 Unused Serialized files (Serialized files now loaded: 0)
System memory in use before: 98.1 MB.
System memory in use after: 98.2 MB.

Unloading 24 unused Assets to reduce memory usage. Loaded Objects now: 2083.
Total: 14.315700 ms (FindLiveObjects: 0.148900 ms CreateObjectMapping: 0.047900 ms MarkObjects: 14.095700 ms  DeleteObjects: 0.022100 ms)

AssetImportParameters requested are different than current active one (requested -> active):
  custom:graphics/normal-map-encoding: 01000000000000000000000000000000 -> 02000000000000000000000000000000
========================================================================
Received Prepare
Registering precompiled user dll's ...
Registered in 0.008386 seconds.
Begin MonoManager ReloadAssembly
Native extension for WindowsStandalone target not found
Refreshing native plugins compatible for Editor in 0.43 ms, found 0 plugins.
Preloading 0 native plugins for Editor in 0.00 ms.
Invoked RoslynAnalysisRunner static constructor.
RoslynAnalysisRunner will not be running.
RoslynAnalysisRunner has terminated.
Mono: successfully reloaded assembly
- Completed reload, in  0.978 seconds
Platform modules already initialized, skipping
Switching build target platform(5) subTarget(0) extendedPlatform(0) -> platform(13) subTarget(589824) extendedPlatform(0)
Refreshing native plugins compatible for Editor in 0.42 ms, found 0 plugins.
Preloading 0 native plugins for Editor in 0.00 ms.
Unloading 1559 Unused Serialized files (Serialized files now loaded: 0)
System memory in use before: 98.1 MB.
System memory in use after: 98.2 MB.

Unloading 24 unused Assets to reduce memory usage. Loaded Objects now: 2085.
Total: 14.990400 ms (FindLiveObjects: 0.152500 ms CreateObjectMapping: 0.045800 ms MarkObjects: 14.767200 ms  DeleteObjects: 0.023500 ms)

AssetImportParameters requested are different than current active one (requested -> active):
  custom:graphics/normal-map-encoding: 01000000000000000000000000000000 -> 02000000000000000000000000000000
========================================================================
Received Prepare
Registering precompiled user dll's ...
Registered in 0.007051 seconds.
Begin MonoManager ReloadAssembly
Native extension for WindowsStandalone target not found
Refreshing native plugins compatible for Editor in 0.48 ms, found 0 plugins.
Preloading 0 native plugins for Editor in 0.00 ms.
Invoked RoslynAnalysisRunner static constructor.
RoslynAnalysisRunner will not be running.
RoslynAnalysisRunner has terminated.
Mono: successfully reloaded assembly
- Completed reload, in  0.973 seconds
Platform modules already initialized, skipping
Switching build target platform(5) subTarget(0) extendedPlatform(0) -> platform(13) subTarget(589824) extendedPlatform(0)
Refreshing native plugins compatible for Editor in 0.42 ms, found 0 plugins.
Preloading 0 native plugins for Editor in 0.00 ms.
Unloading 1559 Unused Serialized files (Serialized files now loaded: 0)
System memory in use before: 98.1 MB.
System memory in use after: 98.2 MB.

Unloading 24 unused Assets to reduce memory usage. Loaded Objects now: 2087.
Total: 14.379100 ms (FindLiveObjects: 0.154100 ms CreateObjectMapping: 0.050100 ms MarkObjects: 14.151200 ms  DeleteObjects: 0.022500 ms)

AssetImportParameters requested are different than current active one (requested -> active):
  custom:graphics/normal-map-encoding: 01000000000000000000000000000000 -> 02000000000000000000000000000000
========================================================================
Received Prepare
Registering precompiled user dll's ...
Registered in 0.007639 seconds.
Begin MonoManager ReloadAssembly
Native extension for WindowsStandalone target not found
Refreshing native plugins compatible for Editor in 0.43 ms, found 0 plugins.
Preloading 0 native plugins for Editor in 0.00 ms.
Invoked RoslynAnalysisRunner static constructor.
RoslynAnalysisRunner will not be running.
RoslynAnalysisRunner has terminated.
Mono: successfully reloaded assembly
- Completed reload, in  0.975 seconds
Platform modules already initialized, skipping
Switching build target platform(5) subTarget(0) extendedPlatform(0) -> platform(13) subTarget(589824) extendedPlatform(0)
Refreshing native plugins compatible for Editor in 0.51 ms, found 0 plugins.
Preloading 0 native plugins for Editor in 0.00 ms.
Unloading 1559 Unused Serialized files (Serialized files now loaded: 0)
System memory in use before: 98.1 MB.
System memory in use after: 98.2 MB.

Unloading 24 unused Assets to reduce memory usage. Loaded Objects now: 2089.
Total: 14.231900 ms (FindLiveObjects: 0.145600 ms CreateObjectMapping: 0.044800 ms MarkObjects: 14.015900 ms  DeleteObjects: 0.024600 ms)

AssetImportParameters requested are different than current active one (requested -> active):
  custom:graphics/normal-map-encoding: 01000000000000000000000000000000 -> 02000000000000000000000000000000
========================================================================
Received Prepare
Registering precompiled user dll's ...
Registered in 0.007830 seconds.
Begin MonoManager ReloadAssembly
Native extension for WindowsStandalone target not found
Refreshing native plugins compatible for Editor in 0.46 ms, found 0 plugins.
Preloading 0 native plugins for Editor in 0.00 ms.
Invoked RoslynAnalysisRunner static constructor.
RoslynAnalysisRunner will not be running.
RoslynAnalysisRunner has terminated.
Mono: successfully reloaded assembly
- Completed reload, in  0.983 seconds
Platform modules already initialized, skipping
Switching build target platform(5) subTarget(0) extendedPlatform(0) -> platform(13) subTarget(589824) extendedPlatform(0)
Refreshing native plugins compatible for Editor in 0.44 ms, found 0 plugins.
Preloading 0 native plugins for Editor in 0.00 ms.
Unloading 1559 Unused Serialized files (Serialized files now loaded: 0)
System memory in use before: 98.1 MB.
System memory in use after: 98.2 MB.

Unloading 24 unused Assets to reduce memory usage. Loaded Objects now: 2091.
Total: 14.132800 ms (FindLiveObjects: 0.143700 ms CreateObjectMapping: 0.045900 ms MarkObjects: 13.917700 ms  DeleteObjects: 0.024200 ms)

AssetImportParameters requested are different than current active one (requested -> active):
  custom:graphics/normal-map-encoding: 01000000000000000000000000000000 -> 02000000000000000000000000000000
========================================================================
Received Prepare
Registering precompiled user dll's ...
Registered in 0.007164 seconds.
Begin MonoManager ReloadAssembly
Native extension for WindowsStandalone target not found
Refreshing native plugins compatible for Editor in 0.42 ms, found 0 plugins.
Preloading 0 native plugins for Editor in 0.00 ms.
Invoked RoslynAnalysisRunner static constructor.
RoslynAnalysisRunner will not be running.
RoslynAnalysisRunner has terminated.
Mono: successfully reloaded assembly
- Completed reload, in  0.965 seconds
Platform modules already initialized, skipping
Switching build target platform(5) subTarget(0) extendedPlatform(0) -> platform(13) subTarget(589824) extendedPlatform(0)
Refreshing native plugins compatible for Editor in 0.41 ms, found 0 plugins.
Preloading 0 native plugins for Editor in 0.00 ms.
Unloading 1559 Unused Serialized files (Serialized files now loaded: 0)
System memory in use before: 98.1 MB.
System memory in use after: 98.2 MB.

Unloading 24 unused Assets to reduce memory usage. Loaded Objects now: 2093.
Total: 14.270700 ms (FindLiveObjects: 0.163100 ms CreateObjectMapping: 0.047500 ms MarkObjects: 14.035600 ms  DeleteObjects: 0.023000 ms)

AssetImportParameters requested are different than current active one (requested -> active):
  custom:graphics/normal-map-encoding: 01000000000000000000000000000000 -> 02000000000000000000000000000000
========================================================================
Received Prepare
Registering precompiled user dll's ...
Registered in 0.007135 seconds.
Begin MonoManager ReloadAssembly
Native extension for WindowsStandalone target not found
Refreshing native plugins compatible for Editor in 0.43 ms, found 0 plugins.
Preloading 0 native plugins for Editor in 0.00 ms.
Invoked RoslynAnalysisRunner static constructor.
RoslynAnalysisRunner will not be running.
RoslynAnalysisRunner has terminated.
Mono: successfully reloaded assembly
- Completed reload, in  0.980 seconds
Platform modules already initialized, skipping
Switching build target platform(5) subTarget(0) extendedPlatform(0) -> platform(13) subTarget(589824) extendedPlatform(0)
Refreshing native plugins compatible for Editor in 0.41 ms, found 0 plugins.
Preloading 0 native plugins for Editor in 0.00 ms.
Unloading 1559 Unused Serialized files (Serialized files now loaded: 0)
System memory in use before: 98.1 MB.
System memory in use after: 98.2 MB.

Unloading 24 unused Assets to reduce memory usage. Loaded Objects now: 2095.
Total: 14.479900 ms (FindLiveObjects: 0.174300 ms CreateObjectMapping: 0.053900 ms MarkObjects: 14.228500 ms  DeleteObjects: 0.021900 ms)

AssetImportParameters requested are different than current active one (requested -> active):
  custom:graphics/normal-map-encoding: 01000000000000000000000000000000 -> 02000000000000000000000000000000
========================================================================
Received Prepare
Registering precompiled user dll's ...
Registered in 0.007382 seconds.
Begin MonoManager ReloadAssembly
Native extension for WindowsStandalone target not found
Refreshing native plugins compatible for Editor in 0.44 ms, found 0 plugins.
Preloading 0 native plugins for Editor in 0.00 ms.
Invoked RoslynAnalysisRunner static constructor.
RoslynAnalysisRunner will not be running.
RoslynAnalysisRunner has terminated.
Mono: successfully reloaded assembly
- Completed reload, in  0.976 seconds
Platform modules already initialized, skipping
Switching build target platform(5) subTarget(0) extendedPlatform(0) -> platform(13) subTarget(589824) extendedPlatform(0)
Refreshing native plugins compatible for Editor in 0.41 ms, found 0 plugins.
Preloading 0 native plugins for Editor in 0.00 ms.
Unloading 1559 Unused Serialized files (Serialized files now loaded: 0)
System memory in use before: 98.1 MB.
System memory in use after: 98.2 MB.

Unloading 24 unused Assets to reduce memory usage. Loaded Objects now: 2097.
Total: 14.610300 ms (FindLiveObjects: 0.160200 ms CreateObjectMapping: 0.052100 ms MarkObjects: 14.367700 ms  DeleteObjects: 0.028300 ms)

AssetImportParameters requested are different than current active one (requested -> active):
  custom:graphics/normal-map-encoding: 01000000000000000000000000000000 -> 02000000000000000000000000000000
========================================================================
Received Prepare
Registering precompiled user dll's ...
Registered in 0.007028 seconds.
Begin MonoManager ReloadAssembly
Native extension for WindowsStandalone target not found
Refreshing native plugins compatible for Editor in 0.46 ms, found 0 plugins.
Preloading 0 native plugins for Editor in 0.00 ms.
Invoked RoslynAnalysisRunner static constructor.
RoslynAnalysisRunner will not be running.
RoslynAnalysisRunner has terminated.
Mono: successfully reloaded assembly
- Completed reload, in  0.986 seconds
Platform modules already initialized, skipping
Switching build target platform(5) subTarget(0) extendedPlatform(0) -> platform(13) subTarget(589824) extendedPlatform(0)
Refreshing native plugins compatible for Editor in 0.61 ms, found 0 plugins.
Preloading 0 native plugins for Editor in 0.00 ms.
Unloading 1559 Unused Serialized files (Serialized files now loaded: 0)
System memory in use before: 98.1 MB.
System memory in use after: 98.2 MB.

Unloading 24 unused Assets to reduce memory usage. Loaded Objects now: 2099.
Total: 15.644200 ms (FindLiveObjects: 0.194100 ms CreateObjectMapping: 0.119900 ms MarkObjects: 15.295500 ms  DeleteObjects: 0.032300 ms)

AssetImportParameters requested are different than current active one (requested -> active):
  custom:graphics/normal-map-encoding: 01000000000000000000000000000000 -> 02000000000000000000000000000000
========================================================================
Received Import Request.
  Time since last request: 847.942764 seconds.
  path: Assets/Data/Managers
  artifactKey: Guid(3af38aa54202ace4eaec1fa31456a7e4) Importer(815301076,1909f56bfc062723c751e8b465ee728b)
Start importing Assets/Data/Managers using Guid(3af38aa54202ace4eaec1fa31456a7e4) Importer(815301076,1909f56bfc062723c751e8b465ee728b)  -> (artifact id: 'ce0676465de068c5479a4eea692b6695') in 0.004847 seconds
  Import took 0.008237 seconds .

========================================================================
Received Import Request.
  Time since last request: 7.146462 seconds.
  path: Assets/Data/Managers/Player.asset
  artifactKey: Guid(243ecf8942f3dd64fb9b4c5b4abeed14) Importer(815301076,1909f56bfc062723c751e8b465ee728b)
Start importing Assets/Data/Managers/Player.asset using Guid(243ecf8942f3dd64fb9b4c5b4abeed14) Importer(815301076,1909f56bfc062723c751e8b465ee728b)  -> (artifact id: '2a1f951fdf6c79414227e2ad24711738') in 0.007957 seconds
  Import took 0.010651 seconds .

========================================================================
Received Prepare
Registering precompiled user dll's ...
Registered in 0.007024 seconds.
Begin MonoManager ReloadAssembly
Native extension for WindowsStandalone target not found
Refreshing native plugins compatible for Editor in 0.42 ms, found 0 plugins.
Preloading 0 native plugins for Editor in 0.00 ms.
Invoked RoslynAnalysisRunner static constructor.
RoslynAnalysisRunner will not be running.
RoslynAnalysisRunner has terminated.
Mono: successfully reloaded assembly
- Completed reload, in  0.979 seconds
Platform modules already initialized, skipping
Switching build target platform(5) subTarget(0) extendedPlatform(0) -> platform(13) subTarget(589824) extendedPlatform(0)
Refreshing native plugins compatible for Editor in 0.41 ms, found 0 plugins.
Preloading 0 native plugins for Editor in 0.00 ms.
Unloading 1559 Unused Serialized files (Serialized files now loaded: 0)
System memory in use before: 98.2 MB.
System memory in use after: 98.3 MB.

Unloading 24 unused Assets to reduce memory usage. Loaded Objects now: 2101.
Total: 14.222300 ms (FindLiveObjects: 0.146800 ms CreateObjectMapping: 0.046700 ms MarkObjects: 14.006500 ms  DeleteObjects: 0.021100 ms)

AssetImportParameters requested are different than current active one (requested -> active):
  custom:graphics/normal-map-encoding: 01000000000000000000000000000000 -> 02000000000000000000000000000000
========================================================================
Received Import Request.
  Time since last request: 45.430008 seconds.
  path: Assets/Data/Items
  artifactKey: Guid(0a98f6963ce302f4a8d18749bcf32b89) Importer(815301076,1909f56bfc062723c751e8b465ee728b)
Start importing Assets/Data/Items using Guid(0a98f6963ce302f4a8d18749bcf32b89) Importer(815301076,1909f56bfc062723c751e8b465ee728b)  -> (artifact id: 'fa31610be81563f17f20449b22f0e109') in 0.018264 seconds
  Import took 0.021254 seconds .

========================================================================
Received Import Request.
  Time since last request: 6.542150 seconds.
  path: Assets/Data/Managers/Tutorial.asset
  artifactKey: Guid(bd4648645aad98f459b90d6f73a0702c) Importer(815301076,1909f56bfc062723c751e8b465ee728b)
Start importing Assets/Data/Managers/Tutorial.asset using Guid(bd4648645aad98f459b90d6f73a0702c) Importer(815301076,1909f56bfc062723c751e8b465ee728b) NullReferenceException: Object reference not set to an instance of an object
  at G4AW2.Managers.TutorialManager.Awake () [0x00000] in C:\Users\Mike\Documents\Projects\Go4AWalk2\Assets\Scripts\Managers\TutorialManager.cs:17 

(Filename: Assets/Scripts/Managers/TutorialManager.cs Line: 17)

 -> (artifact id: '8cf876df7ae3a2c0c430fe445eb1d6c0') in 0.011652 seconds
  Import took 0.027439 seconds .

========================================================================
Received Prepare
Registering precompiled user dll's ...
Registered in 0.006858 seconds.
Begin MonoManager ReloadAssembly
Native extension for WindowsStandalone target not found
Refreshing native plugins compatible for Editor in 0.44 ms, found 0 plugins.
Preloading 0 native plugins for Editor in 0.00 ms.
Invoked RoslynAnalysisRunner static constructor.
RoslynAnalysisRunner will not be running.
RoslynAnalysisRunner has terminated.
Mono: successfully reloaded assembly
- Completed reload, in  0.998 seconds
Platform modules already initialized, skipping
Switching build target platform(5) subTarget(0) extendedPlatform(0) -> platform(13) subTarget(589824) extendedPlatform(0)
Refreshing native plugins compatible for Editor in 0.47 ms, found 0 plugins.
Preloading 0 native plugins for Editor in 0.00 ms.
Unloading 1559 Unused Serialized files (Serialized files now loaded: 0)
System memory in use before: 98.2 MB.
System memory in use after: 98.3 MB.

Unloading 24 unused Assets to reduce memory usage. Loaded Objects now: 2103.
Total: 14.511100 ms (FindLiveObjects: 0.156200 ms CreateObjectMapping: 0.049900 ms MarkObjects: 14.282200 ms  DeleteObjects: 0.021500 ms)

AssetImportParameters requested are different than current active one (requested -> active):
  custom:graphics/normal-map-encoding: 01000000000000000000000000000000 -> 02000000000000000000000000000000
========================================================================
Received Import Request.
  Time since last request: 56.955890 seconds.
  path: Assets/Data/Managers/Tutorial.asset
  artifactKey: Guid(bd4648645aad98f459b90d6f73a0702c) Importer(815301076,1909f56bfc062723c751e8b465ee728b)
Start importing Assets/Data/Managers/Tutorial.asset using Guid(bd4648645aad98f459b90d6f73a0702c) Importer(815301076,1909f56bfc062723c751e8b465ee728b) NullReferenceException: Object reference not set to an instance of an object
  at G4AW2.Managers.TutorialManager.OnEnable () [0x00000] in C:\Users\Mike\Documents\Projects\Go4AWalk2\Assets\Scripts\Managers\TutorialManager.cs:17 

(Filename: Assets/Scripts/Managers/TutorialManager.cs Line: 17)

 -> (artifact id: '13b4abfd4ac2b3ff3fda7ee995fc38c3') in 0.039285 seconds
  Import took 0.042811 seconds .

========================================================================
Received Prepare
Registering precompiled user dll's ...
Registered in 0.007241 seconds.
Begin MonoManager ReloadAssembly
Native extension for WindowsStandalone target not found
Refreshing native plugins compatible for Editor in 0.52 ms, found 0 plugins.
Preloading 0 native plugins for Editor in 0.00 ms.
Invoked RoslynAnalysisRunner static constructor.
RoslynAnalysisRunner will not be running.
RoslynAnalysisRunner has terminated.
Mono: successfully reloaded assembly
- Completed reload, in  1.029 seconds
Platform modules already initialized, skipping
Switching build target platform(5) subTarget(0) extendedPlatform(0) -> platform(13) subTarget(589824) extendedPlatform(0)
Refreshing native plugins compatible for Editor in 0.41 ms, found 0 plugins.
Preloading 0 native plugins for Editor in 0.00 ms.
Unloading 1559 Unused Serialized files (Serialized files now loaded: 0)
System memory in use before: 98.2 MB.
System memory in use after: 98.3 MB.

Unloading 24 unused Assets to reduce memory usage. Loaded Objects now: 2105.
Total: 15.068900 ms (FindLiveObjects: 0.143100 ms CreateObjectMapping: 0.043800 ms MarkObjects: 14.857600 ms  DeleteObjects: 0.022800 ms)

AssetImportParameters requested are different than current active one (requested -> active):
  custom:graphics/normal-map-encoding: 01000000000000000000000000000000 -> 02000000000000000000000000000000
========================================================================
Received Prepare
Registering precompiled user dll's ...
Registered in 0.007213 seconds.
Begin MonoManager ReloadAssembly
Native extension for WindowsStandalone target not found
Refreshing native plugins compatible for Editor in 0.43 ms, found 0 plugins.
Preloading 0 native plugins for Editor in 0.00 ms.
Invoked RoslynAnalysisRunner static constructor.
RoslynAnalysisRunner will not be running.
RoslynAnalysisRunner has terminated.
Mono: successfully reloaded assembly
- Completed reload, in  0.991 seconds
Platform modules already initialized, skipping
Switching build target platform(5) subTarget(0) extendedPlatform(0) -> platform(13) subTarget(589824) extendedPlatform(0)
Refreshing native plugins compatible for Editor in 0.40 ms, found 0 plugins.
Preloading 0 native plugins for Editor in 0.00 ms.
Unloading 1559 Unused Serialized files (Serialized files now loaded: 0)
System memory in use before: 98.2 MB.
System memory in use after: 98.3 MB.

Unloading 24 unused Assets to reduce memory usage. Loaded Objects now: 2107.
Total: 14.227300 ms (FindLiveObjects: 0.159700 ms CreateObjectMapping: 0.048800 ms MarkObjects: 13.994900 ms  DeleteObjects: 0.022800 ms)

AssetImportParameters requested are different than current active one (requested -> active):
  custom:graphics/normal-map-encoding: 01000000000000000000000000000000 -> 02000000000000000000000000000000
========================================================================
Received Import Request.
  Time since last request: 209.679188 seconds.
  path: Assets/Data/Managers/Quests.asset
  artifactKey: Guid(fa52c21bb90dc2b44947a9d87676137a) Importer(815301076,1909f56bfc062723c751e8b465ee728b)
Start importing Assets/Data/Managers/Quests.asset using Guid(fa52c21bb90dc2b44947a9d87676137a) Importer(815301076,1909f56bfc062723c751e8b465ee728b)  -> (artifact id: '722f633d688b0a0a58b5cb98e7ff1d41') in 0.013842 seconds
  Import took 0.017284 seconds .

========================================================================
Received Import Request.
  Time since last request: 0.002604 seconds.
  path: Assets/Data/Managers/Quests.asset
  artifactKey: Guid(fa52c21bb90dc2b44947a9d87676137a) Importer(815301076,1909f56bfc062723c751e8b465ee728b)
Start importing Assets/Data/Managers/Quests.asset using Guid(fa52c21bb90dc2b44947a9d87676137a) Importer(815301076,1909f56bfc062723c751e8b465ee728b)  -> (artifact id: '722f633d688b0a0a58b5cb98e7ff1d41') in 0.003493 seconds
  Import took 0.005902 seconds .

========================================================================
Received Prepare
Registering precompiled user dll's ...
Registered in 0.007224 seconds.
Begin MonoManager ReloadAssembly
Native extension for WindowsStandalone target not found
Refreshing native plugins compatible for Editor in 0.43 ms, found 0 plugins.
Preloading 0 native plugins for Editor in 0.00 ms.
Invoked RoslynAnalysisRunner static constructor.
RoslynAnalysisRunner will not be running.
RoslynAnalysisRunner has terminated.
Mono: successfully reloaded assembly
- Completed reload, in  0.990 seconds
Platform modules already initialized, skipping
Switching build target platform(5) subTarget(0) extendedPlatform(0) -> platform(13) subTarget(589824) extendedPlatform(0)
Refreshing native plugins compatible for Editor in 0.41 ms, found 0 plugins.
Preloading 0 native plugins for Editor in 0.00 ms.
Unloading 1559 Unused Serialized files (Serialized files now loaded: 0)
System memory in use before: 98.2 MB.
System memory in use after: 98.3 MB.

Unloading 24 unused Assets to reduce memory usage. Loaded Objects now: 2109.
Total: 14.269900 ms (FindLiveObjects: 0.312700 ms CreateObjectMapping: 0.080200 ms MarkObjects: 13.852600 ms  DeleteObjects: 0.023300 ms)

AssetImportParameters requested are different than current active one (requested -> active):
  custom:graphics/normal-map-encoding: 01000000000000000000000000000000 -> 02000000000000000000000000000000
========================================================================
Received Prepare
Registering precompiled user dll's ...
Registered in 0.007151 seconds.
Begin MonoManager ReloadAssembly
Native extension for WindowsStandalone target not found
Refreshing native plugins compatible for Editor in 0.43 ms, found 0 plugins.
Preloading 0 native plugins for Editor in 0.00 ms.
Invoked RoslynAnalysisRunner static constructor.
RoslynAnalysisRunner will not be running.
RoslynAnalysisRunner has terminated.
Mono: successfully reloaded assembly
- Completed reload, in  0.998 seconds
Platform modules already initialized, skipping
Switching build target platform(5) subTarget(0) extendedPlatform(0) -> platform(13) subTarget(589824) extendedPlatform(0)
Refreshing native plugins compatible for Editor in 0.42 ms, found 0 plugins.
Preloading 0 native plugins for Editor in 0.00 ms.
Unloading 1559 Unused Serialized files (Serialized files now loaded: 0)
System memory in use before: 98.2 MB.
System memory in use after: 98.3 MB.

Unloading 24 unused Assets to reduce memory usage. Loaded Objects now: 2111.
Total: 16.266900 ms (FindLiveObjects: 0.207400 ms CreateObjectMapping: 0.048000 ms MarkObjects: 15.986500 ms  DeleteObjects: 0.023300 ms)

AssetImportParameters requested are different than current active one (requested -> active):
  custom:graphics/normal-map-encoding: 01000000000000000000000000000000 -> 02000000000000000000000000000000
========================================================================
Received Prepare
Registering precompiled user dll's ...
Registered in 0.007463 seconds.
Begin MonoManager ReloadAssembly
Native extension for WindowsStandalone target not found
Refreshing native plugins compatible for Editor in 0.45 ms, found 0 plugins.
Preloading 0 native plugins for Editor in 0.00 ms.
Invoked RoslynAnalysisRunner static constructor.
RoslynAnalysisRunner will not be running.
RoslynAnalysisRunner has terminated.
Mono: successfully reloaded assembly
- Completed reload, in  1.016 seconds
Platform modules already initialized, skipping
Switching build target platform(5) subTarget(0) extendedPlatform(0) -> platform(13) subTarget(589824) extendedPlatform(0)
Refreshing native plugins compatible for Editor in 0.41 ms, found 0 plugins.
Preloading 0 native plugins for Editor in 0.00 ms.
Unloading 1559 Unused Serialized files (Serialized files now loaded: 0)
System memory in use before: 98.2 MB.
System memory in use after: 98.3 MB.

Unloading 24 unused Assets to reduce memory usage. Loaded Objects now: 2113.
Total: 16.442700 ms (FindLiveObjects: 0.205400 ms CreateObjectMapping: 0.061300 ms MarkObjects: 16.147700 ms  DeleteObjects: 0.026300 ms)

AssetImportParameters requested are different than current active one (requested -> active):
  custom:graphics/normal-map-encoding: 01000000000000000000000000000000 -> 02000000000000000000000000000000
========================================================================
Received Import Request.
  Time since last request: 467.196798 seconds.
  path: Assets/Data/Managers/Items.asset
  artifactKey: Guid(a0ad4238c51336240a52097b5e722013) Importer(815301076,1909f56bfc062723c751e8b465ee728b)
Start importing Assets/Data/Managers/Items.asset using Guid(a0ad4238c51336240a52097b5e722013) Importer(815301076,1909f56bfc062723c751e8b465ee728b)  -> (artifact id: '920dd1e71a5a5a3c73f3af7126fb0ed1') in 0.010146 seconds
  Import took 0.013473 seconds .

========================================================================
Received Prepare
Registering precompiled user dll's ...
Registered in 0.007150 seconds.
Begin MonoManager ReloadAssembly
Native extension for WindowsStandalone target not found
Refreshing native plugins compatible for Editor in 0.43 ms, found 0 plugins.
Preloading 0 native plugins for Editor in 0.00 ms.
Invoked RoslynAnalysisRunner static constructor.
RoslynAnalysisRunner will not be running.
RoslynAnalysisRunner has terminated.
Mono: successfully reloaded assembly
- Completed reload, in  1.010 seconds
Platform modules already initialized, skipping
Switching build target platform(5) subTarget(0) extendedPlatform(0) -> platform(13) subTarget(589824) extendedPlatform(0)
Refreshing native plugins compatible for Editor in 0.41 ms, found 0 plugins.
Preloading 0 native plugins for Editor in 0.00 ms.
Unloading 1559 Unused Serialized files (Serialized files now loaded: 0)
System memory in use before: 98.2 MB.
System memory in use after: 98.3 MB.

Unloading 24 unused Assets to reduce memory usage. Loaded Objects now: 2115.
Total: 14.299300 ms (FindLiveObjects: 0.215300 ms CreateObjectMapping: 0.054900 ms MarkObjects: 14.005400 ms  DeleteObjects: 0.022000 ms)

AssetImportParameters requested are different than current active one (requested -> active):
  custom:graphics/normal-map-encoding: 01000000000000000000000000000000 -> 02000000000000000000000000000000
========================================================================
Received Prepare
Registering precompiled user dll's ...
Registered in 0.006863 seconds.
Begin MonoManager ReloadAssembly
Native extension for WindowsStandalone target not found
Refreshing native plugins compatible for Editor in 0.42 ms, found 0 plugins.
Preloading 0 native plugins for Editor in 0.00 ms.
Invoked RoslynAnalysisRunner static constructor.
RoslynAnalysisRunner will not be running.
RoslynAnalysisRunner has terminated.
Mono: successfully reloaded assembly
- Completed reload, in  0.998 seconds
Platform modules already initialized, skipping
Switching build target platform(5) subTarget(0) extendedPlatform(0) -> platform(13) subTarget(589824) extendedPlatform(0)
Refreshing native plugins compatible for Editor in 0.44 ms, found 0 plugins.
Preloading 0 native plugins for Editor in 0.00 ms.
Unloading 1559 Unused Serialized files (Serialized files now loaded: 0)
System memory in use before: 98.2 MB.
System memory in use after: 98.3 MB.

Unloading 24 unused Assets to reduce memory usage. Loaded Objects now: 2117.
Total: 14.162900 ms (FindLiveObjects: 0.172400 ms CreateObjectMapping: 0.056900 ms MarkObjects: 13.912200 ms  DeleteObjects: 0.020200 ms)

AssetImportParameters requested are different than current active one (requested -> active):
  custom:graphics/normal-map-encoding: 01000000000000000000000000000000 -> 02000000000000000000000000000000
========================================================================
Received Prepare
Registering precompiled user dll's ...
Registered in 0.008403 seconds.
Begin MonoManager ReloadAssembly
Native extension for WindowsStandalone target not found
Refreshing native plugins compatible for Editor in 0.42 ms, found 0 plugins.
Preloading 0 native plugins for Editor in 0.00 ms.
Invoked RoslynAnalysisRunner static constructor.
RoslynAnalysisRunner will not be running.
RoslynAnalysisRunner has terminated.
Mono: successfully reloaded assembly
- Completed reload, in  0.986 seconds
Platform modules already initialized, skipping
Switching build target platform(5) subTarget(0) extendedPlatform(0) -> platform(13) subTarget(589824) extendedPlatform(0)
Refreshing native plugins compatible for Editor in 0.42 ms, found 0 plugins.
Preloading 0 native plugins for Editor in 0.00 ms.
Unloading 1559 Unused Serialized files (Serialized files now loaded: 0)
System memory in use before: 98.2 MB.
System memory in use after: 98.3 MB.

Unloading 24 unused Assets to reduce memory usage. Loaded Objects now: 2119.
Total: 15.234500 ms (FindLiveObjects: 0.158000 ms CreateObjectMapping: 0.047900 ms MarkObjects: 14.968500 ms  DeleteObjects: 0.057900 ms)

AssetImportParameters requested are different than current active one (requested -> active):
  custom:graphics/normal-map-encoding: 01000000000000000000000000000000 -> 02000000000000000000000000000000
========================================================================
Received Prepare
Registering precompiled user dll's ...
Registered in 0.007291 seconds.
Begin MonoManager ReloadAssembly
Native extension for WindowsStandalone target not found
Refreshing native plugins compatible for Editor in 0.47 ms, found 0 plugins.
Preloading 0 native plugins for Editor in 0.00 ms.
Invoked RoslynAnalysisRunner static constructor.
RoslynAnalysisRunner will not be running.
RoslynAnalysisRunner has terminated.
Mono: successfully reloaded assembly
- Completed reload, in  1.009 seconds
Platform modules already initialized, skipping
Switching build target platform(5) subTarget(0) extendedPlatform(0) -> platform(13) subTarget(589824) extendedPlatform(0)
Refreshing native plugins compatible for Editor in 0.54 ms, found 0 plugins.
Preloading 0 native plugins for Editor in 0.00 ms.
Unloading 1559 Unused Serialized files (Serialized files now loaded: 0)
System memory in use before: 98.2 MB.
System memory in use after: 98.3 MB.

Unloading 24 unused Assets to reduce memory usage. Loaded Objects now: 2121.
Total: 14.329700 ms (FindLiveObjects: 0.159200 ms CreateObjectMapping: 0.049100 ms MarkObjects: 14.095800 ms  DeleteObjects: 0.024000 ms)

AssetImportParameters requested are different than current active one (requested -> active):
  custom:graphics/normal-map-encoding: 01000000000000000000000000000000 -> 02000000000000000000000000000000
========================================================================
Received Import Request.
  Time since last request: 740.941457 seconds.
  path: Assets/Data/Managers/Followers.asset
  artifactKey: Guid(149c9a0f199010346973cfb3a0554784) Importer(815301076,1909f56bfc062723c751e8b465ee728b)
Start importing Assets/Data/Managers/Followers.asset using Guid(149c9a0f199010346973cfb3a0554784) Importer(815301076,1909f56bfc062723c751e8b465ee728b) NullReferenceException: Object reference not set to an instance of an object
  at G4AW2.Managers.FollowerManager.Awake () [0x00015] in C:\Users\Mike\Documents\Projects\Go4AWalk2\Assets\Scripts\Managers\FollowerManager.cs:30 

(Filename: Assets/Scripts/Managers/FollowerManager.cs Line: 30)

 -> (artifact id: '9a008b64fbb81f0ee27fb7c6b008bd38') in 0.014508 seconds
  Import took 0.018558 seconds .

========================================================================
Received Import Request.
  Time since last request: 0.000481 seconds.
  path: Assets/Data/Managers/Followers.asset
  artifactKey: Guid(149c9a0f199010346973cfb3a0554784) Importer(815301076,1909f56bfc062723c751e8b465ee728b)
Start importing Assets/Data/Managers/Followers.asset using Guid(149c9a0f199010346973cfb3a0554784) Importer(815301076,1909f56bfc062723c751e8b465ee728b) NullReferenceException: Object reference not set to an instance of an object
  at G4AW2.Managers.FollowerManager.Awake () [0x00015] in C:\Users\Mike\Documents\Projects\Go4AWalk2\Assets\Scripts\Managers\FollowerManager.cs:30 

(Filename: Assets/Scripts/Managers/FollowerManager.cs Line: 30)

 -> (artifact id: '9a008b64fbb81f0ee27fb7c6b008bd38') in 0.003089 seconds
  Import took 0.005325 seconds .

========================================================================
Received Prepare
Registering precompiled user dll's ...
Registered in 0.007737 seconds.
Begin MonoManager ReloadAssembly
Native extension for WindowsStandalone target not found
Refreshing native plugins compatible for Editor in 0.50 ms, found 0 plugins.
Preloading 0 native plugins for Editor in 0.00 ms.
Invoked RoslynAnalysisRunner static constructor.
RoslynAnalysisRunner will not be running.
RoslynAnalysisRunner has terminated.
Mono: successfully reloaded assembly
- Completed reload, in  1.003 seconds
Platform modules already initialized, skipping
Switching build target platform(5) subTarget(0) extendedPlatform(0) -> platform(13) subTarget(589824) extendedPlatform(0)
Refreshing native plugins compatible for Editor in 0.42 ms, found 0 plugins.
Preloading 0 native plugins for Editor in 0.00 ms.
Unloading 1559 Unused Serialized files (Serialized files now loaded: 0)
System memory in use before: 98.3 MB.
System memory in use after: 98.4 MB.

Unloading 24 unused Assets to reduce memory usage. Loaded Objects now: 2123.
Total: 14.289700 ms (FindLiveObjects: 0.144500 ms CreateObjectMapping: 0.044400 ms MarkObjects: 14.077300 ms  DeleteObjects: 0.022100 ms)

AssetImportParameters requested are different than current active one (requested -> active):
  custom:graphics/normal-map-encoding: 01000000000000000000000000000000 -> 02000000000000000000000000000000
========================================================================
Received Prepare
Registering precompiled user dll's ...
Registered in 0.007612 seconds.
Begin MonoManager ReloadAssembly
Native extension for WindowsStandalone target not found
Refreshing native plugins compatible for Editor in 0.47 ms, found 0 plugins.
Preloading 0 native plugins for Editor in 0.00 ms.
Invoked RoslynAnalysisRunner static constructor.
RoslynAnalysisRunner will not be running.
RoslynAnalysisRunner has terminated.
Mono: successfully reloaded assembly
- Completed reload, in  1.021 seconds
Platform modules already initialized, skipping
Switching build target platform(5) subTarget(0) extendedPlatform(0) -> platform(13) subTarget(589824) extendedPlatform(0)
Refreshing native plugins compatible for Editor in 0.49 ms, found 0 plugins.
Preloading 0 native plugins for Editor in 0.00 ms.
Unloading 1559 Unused Serialized files (Serialized files now loaded: 0)
System memory in use before: 98.3 MB.
System memory in use after: 98.4 MB.

Unloading 24 unused Assets to reduce memory usage. Loaded Objects now: 2125.
Total: 14.823100 ms (FindLiveObjects: 0.194600 ms CreateObjectMapping: 0.085000 ms MarkObjects: 14.521000 ms  DeleteObjects: 0.021000 ms)

AssetImportParameters requested are different than current active one (requested -> active):
  custom:graphics/normal-map-encoding: 01000000000000000000000000000000 -> 02000000000000000000000000000000
========================================================================
Received Prepare
Registering precompiled user dll's ...
Registered in 0.007868 seconds.
Begin MonoManager ReloadAssembly
Native extension for WindowsStandalone target not found
Refreshing native plugins compatible for Editor in 0.46 ms, found 0 plugins.
Preloading 0 native plugins for Editor in 0.00 ms.
Invoked RoslynAnalysisRunner static constructor.
RoslynAnalysisRunner will not be running.
RoslynAnalysisRunner has terminated.
Mono: successfully reloaded assembly
- Completed reload, in  1.011 seconds
Platform modules already initialized, skipping
Switching build target platform(5) subTarget(0) extendedPlatform(0) -> platform(13) subTarget(589824) extendedPlatform(0)
Refreshing native plugins compatible for Editor in 0.42 ms, found 0 plugins.
Preloading 0 native plugins for Editor in 0.00 ms.
Unloading 1559 Unused Serialized files (Serialized files now loaded: 0)
System memory in use before: 98.3 MB.
System memory in use after: 98.4 MB.

Unloading 24 unused Assets to reduce memory usage. Loaded Objects now: 2127.
Total: 16.211400 ms (FindLiveObjects: 0.259000 ms CreateObjectMapping: 0.113200 ms MarkObjects: 15.815600 ms  DeleteObjects: 0.022200 ms)

AssetImportParameters requested are different than current active one (requested -> active):
  custom:graphics/normal-map-encoding: 01000000000000000000000000000000 -> 02000000000000000000000000000000
========================================================================
Received Prepare
Registering precompiled user dll's ...
Registered in 0.007504 seconds.
Begin MonoManager ReloadAssembly
Native extension for WindowsStandalone target not found
Refreshing native plugins compatible for Editor in 0.42 ms, found 0 plugins.
Preloading 0 native plugins for Editor in 0.00 ms.
Invoked RoslynAnalysisRunner static constructor.
RoslynAnalysisRunner will not be running.
RoslynAnalysisRunner has terminated.
Mono: successfully reloaded assembly
- Completed reload, in  1.020 seconds
Platform modules already initialized, skipping
Switching build target platform(5) subTarget(0) extendedPlatform(0) -> platform(13) subTarget(589824) extendedPlatform(0)
Refreshing native plugins compatible for Editor in 0.41 ms, found 0 plugins.
Preloading 0 native plugins for Editor in 0.00 ms.
Unloading 1559 Unused Serialized files (Serialized files now loaded: 0)
System memory in use before: 98.3 MB.
System memory in use after: 98.4 MB.

Unloading 24 unused Assets to reduce memory usage. Loaded Objects now: 2129.
Total: 15.259900 ms (FindLiveObjects: 0.182300 ms CreateObjectMapping: 0.074800 ms MarkObjects: 14.977700 ms  DeleteObjects: 0.023600 ms)

AssetImportParameters requested are different than current active one (requested -> active):
  custom:graphics/normal-map-encoding: 01000000000000000000000000000000 -> 02000000000000000000000000000000
========================================================================
Received Prepare
Registering precompiled user dll's ...
Registered in 0.007559 seconds.
Begin MonoManager ReloadAssembly
Native extension for WindowsStandalone target not found
Refreshing native plugins compatible for Editor in 0.43 ms, found 0 plugins.
Preloading 0 native plugins for Editor in 0.00 ms.
Invoked RoslynAnalysisRunner static constructor.
RoslynAnalysisRunner will not be running.
RoslynAnalysisRunner has terminated.
Mono: successfully reloaded assembly
- Completed reload, in  1.018 seconds
Platform modules already initialized, skipping
Switching build target platform(5) subTarget(0) extendedPlatform(0) -> platform(13) subTarget(589824) extendedPlatform(0)
Refreshing native plugins compatible for Editor in 0.43 ms, found 0 plugins.
Preloading 0 native plugins for Editor in 0.00 ms.
Unloading 1559 Unused Serialized files (Serialized files now loaded: 0)
System memory in use before: 98.3 MB.
System memory in use after: 98.4 MB.

Unloading 24 unused Assets to reduce memory usage. Loaded Objects now: 2131.
Total: 16.102200 ms (FindLiveObjects: 0.168900 ms CreateObjectMapping: 0.050000 ms MarkObjects: 15.859400 ms  DeleteObjects: 0.022300 ms)

AssetImportParameters requested are different than current active one (requested -> active):
  custom:graphics/normal-map-encoding: 01000000000000000000000000000000 -> 02000000000000000000000000000000
========================================================================
Received Prepare
Registering precompiled user dll's ...
Registered in 0.007262 seconds.
Begin MonoManager ReloadAssembly
Native extension for WindowsStandalone target not found
Refreshing native plugins compatible for Editor in 0.42 ms, found 0 plugins.
Preloading 0 native plugins for Editor in 0.00 ms.
Invoked RoslynAnalysisRunner static constructor.
RoslynAnalysisRunner will not be running.
RoslynAnalysisRunner has terminated.
Mono: successfully reloaded assembly
- Completed reload, in  1.008 seconds
Platform modules already initialized, skipping
Switching build target platform(5) subTarget(0) extendedPlatform(0) -> platform(13) subTarget(589824) extendedPlatform(0)
Refreshing native plugins compatible for Editor in 0.42 ms, found 0 plugins.
Preloading 0 native plugins for Editor in 0.00 ms.
Unloading 1559 Unused Serialized files (Serialized files now loaded: 0)
System memory in use before: 98.3 MB.
System memory in use after: 98.4 MB.

Unloading 24 unused Assets to reduce memory usage. Loaded Objects now: 2133.
Total: 15.009400 ms (FindLiveObjects: 0.169700 ms CreateObjectMapping: 0.050900 ms MarkObjects: 14.764200 ms  DeleteObjects: 0.022600 ms)

AssetImportParameters requested are different than current active one (requested -> active):
  custom:graphics/normal-map-encoding: 01000000000000000000000000000000 -> 02000000000000000000000000000000
========================================================================
Received Prepare
Registering precompiled user dll's ...
Registered in 0.008089 seconds.
Begin MonoManager ReloadAssembly
Native extension for WindowsStandalone target not found
Refreshing native plugins compatible for Editor in 0.41 ms, found 0 plugins.
Preloading 0 native plugins for Editor in 0.00 ms.
Invoked RoslynAnalysisRunner static constructor.
RoslynAnalysisRunner will not be running.
RoslynAnalysisRunner has terminated.
Mono: successfully reloaded assembly
- Completed reload, in  1.004 seconds
Platform modules already initialized, skipping
Switching build target platform(5) subTarget(0) extendedPlatform(0) -> platform(13) subTarget(589824) extendedPlatform(0)
Refreshing native plugins compatible for Editor in 0.42 ms, found 0 plugins.
Preloading 0 native plugins for Editor in 0.00 ms.
Unloading 1559 Unused Serialized files (Serialized files now loaded: 0)
System memory in use before: 98.3 MB.
System memory in use after: 98.4 MB.

Unloading 24 unused Assets to reduce memory usage. Loaded Objects now: 2135.
Total: 14.724700 ms (FindLiveObjects: 0.151300 ms CreateObjectMapping: 0.050900 ms MarkObjects: 14.489600 ms  DeleteObjects: 0.031000 ms)

AssetImportParameters requested are different than current active one (requested -> active):
  custom:graphics/normal-map-encoding: 01000000000000000000000000000000 -> 02000000000000000000000000000000
========================================================================
Received Prepare
Registering precompiled user dll's ...
Registered in 0.006836 seconds.
Begin MonoManager ReloadAssembly
Native extension for WindowsStandalone target not found
Refreshing native plugins compatible for Editor in 0.44 ms, found 0 plugins.
Preloading 0 native plugins for Editor in 0.00 ms.
Invoked RoslynAnalysisRunner static constructor.
RoslynAnalysisRunner will not be running.
RoslynAnalysisRunner has terminated.
Mono: successfully reloaded assembly
- Completed reload, in  1.024 seconds
Platform modules already initialized, skipping
Switching build target platform(5) subTarget(0) extendedPlatform(0) -> platform(13) subTarget(589824) extendedPlatform(0)
Refreshing native plugins compatible for Editor in 0.48 ms, found 0 plugins.
Preloading 0 native plugins for Editor in 0.00 ms.
Unloading 1559 Unused Serialized files (Serialized files now loaded: 0)
System memory in use before: 98.3 MB.
System memory in use after: 98.4 MB.

Unloading 24 unused Assets to reduce memory usage. Loaded Objects now: 2137.
Total: 16.031300 ms (FindLiveObjects: 0.196900 ms CreateObjectMapping: 0.065700 ms MarkObjects: 15.742200 ms  DeleteObjects: 0.024600 ms)

AssetImportParameters requested are different than current active one (requested -> active):
  custom:graphics/normal-map-encoding: 01000000000000000000000000000000 -> 02000000000000000000000000000000
========================================================================
Received Prepare
Registering precompiled user dll's ...
Registered in 0.007015 seconds.
Begin MonoManager ReloadAssembly
Native extension for WindowsStandalone target not found
Refreshing native plugins compatible for Editor in 0.45 ms, found 0 plugins.
Preloading 0 native plugins for Editor in 0.00 ms.
Invoked RoslynAnalysisRunner static constructor.
RoslynAnalysisRunner will not be running.
RoslynAnalysisRunner has terminated.
Mono: successfully reloaded assembly
- Completed reload, in  1.050 seconds
Platform modules already initialized, skipping
Switching build target platform(5) subTarget(0) extendedPlatform(0) -> platform(13) subTarget(589824) extendedPlatform(0)
Refreshing native plugins compatible for Editor in 0.43 ms, found 0 plugins.
Preloading 0 native plugins for Editor in 0.00 ms.
Unloading 1559 Unused Serialized files (Serialized files now loaded: 0)
System memory in use before: 98.3 MB.
System memory in use after: 98.4 MB.

Unloading 24 unused Assets to reduce memory usage. Loaded Objects now: 2139.
Total: 14.404500 ms (FindLiveObjects: 0.166600 ms CreateObjectMapping: 0.049500 ms MarkObjects: 14.163900 ms  DeleteObjects: 0.023100 ms)

AssetImportParameters requested are different than current active one (requested -> active):
  custom:graphics/normal-map-encoding: 01000000000000000000000000000000 -> 02000000000000000000000000000000
========================================================================
Received Prepare
Registering precompiled user dll's ...
Registered in 0.008155 seconds.
Begin MonoManager ReloadAssembly
Native extension for WindowsStandalone target not found
Refreshing native plugins compatible for Editor in 0.48 ms, found 0 plugins.
Preloading 0 native plugins for Editor in 0.00 ms.
Invoked RoslynAnalysisRunner static constructor.
RoslynAnalysisRunner will not be running.
RoslynAnalysisRunner has terminated.
Mono: successfully reloaded assembly
- Completed reload, in  1.182 seconds
Platform modules already initialized, skipping
Switching build target platform(5) subTarget(0) extendedPlatform(0) -> platform(13) subTarget(589824) extendedPlatform(0)
Refreshing native plugins compatible for Editor in 0.42 ms, found 0 plugins.
Preloading 0 native plugins for Editor in 0.00 ms.
Unloading 1559 Unused Serialized files (Serialized files now loaded: 0)
System memory in use before: 98.3 MB.
System memory in use after: 98.4 MB.

Unloading 24 unused Assets to reduce memory usage. Loaded Objects now: 2141.
Total: 15.735200 ms (FindLiveObjects: 0.158300 ms CreateObjectMapping: 0.049700 ms MarkObjects: 15.495000 ms  DeleteObjects: 0.030400 ms)

AssetImportParameters requested are different than current active one (requested -> active):
  custom:graphics/normal-map-encoding: 01000000000000000000000000000000 -> 02000000000000000000000000000000
========================================================================
Received Prepare
Registering precompiled user dll's ...
Registered in 0.006970 seconds.
Begin MonoManager ReloadAssembly
Native extension for WindowsStandalone target not found
Refreshing native plugins compatible for Editor in 0.59 ms, found 0 plugins.
Preloading 0 native plugins for Editor in 0.00 ms.
Invoked RoslynAnalysisRunner static constructor.
RoslynAnalysisRunner will not be running.
RoslynAnalysisRunner has terminated.
Mono: successfully reloaded assembly
- Completed reload, in  1.119 seconds
Platform modules already initialized, skipping
Switching build target platform(5) subTarget(0) extendedPlatform(0) -> platform(13) subTarget(589824) extendedPlatform(0)
Refreshing native plugins compatible for Editor in 0.44 ms, found 0 plugins.
Preloading 0 native plugins for Editor in 0.00 ms.
Unloading 1559 Unused Serialized files (Serialized files now loaded: 0)
System memory in use before: 98.3 MB.
System memory in use after: 98.4 MB.

Unloading 24 unused Assets to reduce memory usage. Loaded Objects now: 2143.
Total: 16.705500 ms (FindLiveObjects: 0.207500 ms CreateObjectMapping: 0.046800 ms MarkObjects: 16.406800 ms  DeleteObjects: 0.042600 ms)

AssetImportParameters requested are different than current active one (requested -> active):
  custom:graphics/normal-map-encoding: 01000000000000000000000000000000 -> 02000000000000000000000000000000
========================================================================
Received Prepare
Registering precompiled user dll's ...
Registered in 0.006955 seconds.
Begin MonoManager ReloadAssembly
Native extension for WindowsStandalone target not found
Refreshing native plugins compatible for Editor in 0.43 ms, found 0 plugins.
Preloading 0 native plugins for Editor in 0.00 ms.
Invoked RoslynAnalysisRunner static constructor.
RoslynAnalysisRunner will not be running.
RoslynAnalysisRunner has terminated.
Mono: successfully reloaded assembly
- Completed reload, in  1.030 seconds
Platform modules already initialized, skipping
Switching build target platform(5) subTarget(0) extendedPlatform(0) -> platform(13) subTarget(589824) extendedPlatform(0)
Refreshing native plugins compatible for Editor in 0.41 ms, found 0 plugins.
Preloading 0 native plugins for Editor in 0.00 ms.
Unloading 1559 Unused Serialized files (Serialized files now loaded: 0)
System memory in use before: 98.3 MB.
System memory in use after: 98.4 MB.

Unloading 24 unused Assets to reduce memory usage. Loaded Objects now: 2145.
Total: 15.283200 ms (FindLiveObjects: 0.257900 ms CreateObjectMapping: 0.069800 ms MarkObjects: 14.925600 ms  DeleteObjects: 0.027800 ms)

AssetImportParameters requested are different than current active one (requested -> active):
  custom:graphics/normal-map-encoding: 01000000000000000000000000000000 -> 02000000000000000000000000000000
========================================================================
Received Prepare
Registering precompiled user dll's ...
Registered in 0.006935 seconds.
Begin MonoManager ReloadAssembly
Native extension for WindowsStandalone target not found
Refreshing native plugins compatible for Editor in 0.44 ms, found 0 plugins.
Preloading 0 native plugins for Editor in 0.00 ms.
Invoked RoslynAnalysisRunner static constructor.
RoslynAnalysisRunner will not be running.
RoslynAnalysisRunner has terminated.
Mono: successfully reloaded assembly
- Completed reload, in  1.193 seconds
Platform modules already initialized, skipping
Switching build target platform(5) subTarget(0) extendedPlatform(0) -> platform(13) subTarget(589824) extendedPlatform(0)
Refreshing native plugins compatible for Editor in 0.42 ms, found 0 plugins.
Preloading 0 native plugins for Editor in 0.00 ms.
Unloading 1559 Unused Serialized files (Serialized files now loaded: 0)
System memory in use before: 98.3 MB.
System memory in use after: 98.4 MB.

Unloading 24 unused Assets to reduce memory usage. Loaded Objects now: 2147.
Total: 16.079900 ms (FindLiveObjects: 0.389900 ms CreateObjectMapping: 0.113200 ms MarkObjects: 15.539000 ms  DeleteObjects: 0.035700 ms)

AssetImportParameters requested are different than current active one (requested -> active):
  custom:graphics/normal-map-encoding: 01000000000000000000000000000000 -> 02000000000000000000000000000000
========================================================================
Received Prepare
Registering precompiled user dll's ...
Registered in 0.006994 seconds.
Begin MonoManager ReloadAssembly
Native extension for WindowsStandalone target not found
Refreshing native plugins compatible for Editor in 0.43 ms, found 0 plugins.
Preloading 0 native plugins for Editor in 0.00 ms.
Invoked RoslynAnalysisRunner static constructor.
RoslynAnalysisRunner will not be running.
RoslynAnalysisRunner has terminated.
Mono: successfully reloaded assembly
- Completed reload, in  1.050 seconds
Platform modules already initialized, skipping
Switching build target platform(5) subTarget(0) extendedPlatform(0) -> platform(13) subTarget(589824) extendedPlatform(0)
Refreshing native plugins compatible for Editor in 0.42 ms, found 0 plugins.
Preloading 0 native plugins for Editor in 0.00 ms.
Unloading 1559 Unused Serialized files (Serialized files now loaded: 0)
System memory in use before: 98.4 MB.
System memory in use after: 98.5 MB.

Unloading 24 unused Assets to reduce memory usage. Loaded Objects now: 2149.
Total: 14.190800 ms (FindLiveObjects: 0.163800 ms CreateObjectMapping: 0.049500 ms MarkObjects: 13.947500 ms  DeleteObjects: 0.028500 ms)

AssetImportParameters requested are different than current active one (requested -> active):
  custom:graphics/normal-map-encoding: 01000000000000000000000000000000 -> 02000000000000000000000000000000
========================================================================
Received Prepare
Registering precompiled user dll's ...
Registered in 0.007174 seconds.
Begin MonoManager ReloadAssembly
Native extension for WindowsStandalone target not found
Refreshing native plugins compatible for Editor in 0.44 ms, found 0 plugins.
Preloading 0 native plugins for Editor in 0.00 ms.
Invoked RoslynAnalysisRunner static constructor.
RoslynAnalysisRunner will not be running.
RoslynAnalysisRunner has terminated.
Mono: successfully reloaded assembly
- Completed reload, in  1.043 seconds
Platform modules already initialized, skipping
Switching build target platform(5) subTarget(0) extendedPlatform(0) -> platform(13) subTarget(589824) extendedPlatform(0)
Refreshing native plugins compatible for Editor in 0.44 ms, found 0 plugins.
Preloading 0 native plugins for Editor in 0.00 ms.
Unloading 1559 Unused Serialized files (Serialized files now loaded: 0)
System memory in use before: 98.4 MB.
System memory in use after: 98.5 MB.

Unloading 24 unused Assets to reduce memory usage. Loaded Objects now: 2151.
Total: 15.669400 ms (FindLiveObjects: 0.163900 ms CreateObjectMapping: 0.050100 ms MarkObjects: 15.428900 ms  DeleteObjects: 0.023700 ms)

AssetImportParameters requested are different than current active one (requested -> active):
  custom:graphics/normal-map-encoding: 01000000000000000000000000000000 -> 02000000000000000000000000000000
========================================================================
Received Prepare
Registering precompiled user dll's ...
Registered in 0.006922 seconds.
Begin MonoManager ReloadAssembly
Native extension for WindowsStandalone target not found
Refreshing native plugins compatible for Editor in 0.42 ms, found 0 plugins.
Preloading 0 native plugins for Editor in 0.00 ms.
Invoked RoslynAnalysisRunner static constructor.
RoslynAnalysisRunner will not be running.
RoslynAnalysisRunner has terminated.
Mono: successfully reloaded assembly
- Completed reload, in  1.028 seconds
Platform modules already initialized, skipping
Switching build target platform(5) subTarget(0) extendedPlatform(0) -> platform(13) subTarget(589824) extendedPlatform(0)
Refreshing native plugins compatible for Editor in 0.41 ms, found 0 plugins.
Preloading 0 native plugins for Editor in 0.00 ms.
Unloading 1559 Unused Serialized files (Serialized files now loaded: 0)
System memory in use before: 98.4 MB.
System memory in use after: 98.5 MB.

Unloading 24 unused Assets to reduce memory usage. Loaded Objects now: 2153.
Total: 14.255100 ms (FindLiveObjects: 0.159800 ms CreateObjectMapping: 0.051300 ms MarkObjects: 14.021600 ms  DeleteObjects: 0.021400 ms)

AssetImportParameters requested are different than current active one (requested -> active):
  custom:graphics/normal-map-encoding: 01000000000000000000000000000000 -> 02000000000000000000000000000000
========================================================================
Received Import Request.
  Time since last request: 2277.337132 seconds.
  path: Assets/Data/Managers/New Quest Manager.asset
  artifactKey: Guid(47e37c2da2ca892469087f805bd7d3dc) Importer(815301076,1909f56bfc062723c751e8b465ee728b)
Start importing Assets/Data/Managers/New Quest Manager.asset using Guid(47e37c2da2ca892469087f805bd7d3dc) Importer(815301076,1909f56bfc062723c751e8b465ee728b)  -> (artifact id: '48985786e7529e4fd4e7c1ac09f74c77') in 0.010824 seconds
  Import took 0.027208 seconds .

========================================================================
Received Import Request.
  Time since last request: 4.816476 seconds.
  path: Assets/Data/Managers/New Quest Manager.asset
  artifactKey: Guid(47e37c2da2ca892469087f805bd7d3dc) Importer(815301076,1909f56bfc062723c751e8b465ee728b)
Start importing Assets/Data/Managers/New Quest Manager.asset using Guid(47e37c2da2ca892469087f805bd7d3dc) Importer(815301076,1909f56bfc062723c751e8b465ee728b) NullReferenceException: Object reference not set to an instance of an object
  at G4AW2.Managers.FollowerManager.OnEnable () [0x00027] in C:\Users\Mike\Documents\Projects\Go4AWalk2\Assets\Scripts\Managers\FollowerManager.cs:30 

(Filename: Assets/Scripts/Managers/FollowerManager.cs Line: 30)

 -> (artifact id: 'f3b114acedcae62c5c865a6f5a5e499e') in 0.025442 seconds
  Import took 0.028133 seconds .

========================================================================
Received Import Request.
  Time since last request: 20.272122 seconds.
  path: Assets/Data/Managers/Quests.asset
  artifactKey: Guid(47e37c2da2ca892469087f805bd7d3dc) Importer(815301076,1909f56bfc062723c751e8b465ee728b)
Start importing Assets/Data/Managers/Quests.asset using Guid(47e37c2da2ca892469087f805bd7d3dc) Importer(815301076,1909f56bfc062723c751e8b465ee728b) NullReferenceException: Object reference not set to an instance of an object
  at G4AW2.Managers.FollowerManager.OnEnable () [0x00027] in C:\Users\Mike\Documents\Projects\Go4AWalk2\Assets\Scripts\Managers\FollowerManager.cs:30 

(Filename: Assets/Scripts/Managers/FollowerManager.cs Line: 30)

 -> (artifact id: 'c43ddc0f958e8198ec5fd375910aacee') in 0.010511 seconds
  Import took 0.013141 seconds .

========================================================================
Received Import Request.
  Time since last request: 7.688571 seconds.
  path: Assets/Data/Managers/Tutorial.asset
  artifactKey: Guid(bd4648645aad98f459b90d6f73a0702c) Importer(815301076,1909f56bfc062723c751e8b465ee728b)
Start importing Assets/Data/Managers/Tutorial.asset using Guid(bd4648645aad98f459b90d6f73a0702c) Importer(815301076,1909f56bfc062723c751e8b465ee728b)  -> (artifact id: 'd7294748221b347fc5efd0de47b0affa') in 0.010914 seconds
  Import took 0.013631 seconds .

========================================================================
Received Prepare
Registering precompiled user dll's ...
Registered in 0.007883 seconds.
Begin MonoManager ReloadAssembly
Native extension for WindowsStandalone target not found
Refreshing native plugins compatible for Editor in 0.44 ms, found 0 plugins.
Preloading 0 native plugins for Editor in 0.00 ms.
Invoked RoslynAnalysisRunner static constructor.
RoslynAnalysisRunner will not be running.
RoslynAnalysisRunner has terminated.
Mono: successfully reloaded assembly
- Completed reload, in  1.045 seconds
Platform modules already initialized, skipping
Switching build target platform(5) subTarget(0) extendedPlatform(0) -> platform(13) subTarget(589824) extendedPlatform(0)
Refreshing native plugins compatible for Editor in 0.44 ms, found 0 plugins.
Preloading 0 native plugins for Editor in 0.00 ms.
Unloading 1559 Unused Serialized files (Serialized files now loaded: 0)
System memory in use before: 98.5 MB.
System memory in use after: 98.6 MB.

Unloading 24 unused Assets to reduce memory usage. Loaded Objects now: 2155.
Total: 19.796100 ms (FindLiveObjects: 0.243000 ms CreateObjectMapping: 0.048600 ms MarkObjects: 19.480100 ms  DeleteObjects: 0.023200 ms)

AssetImportParameters requested are different than current active one (requested -> active):
  custom:graphics/normal-map-encoding: 01000000000000000000000000000000 -> 02000000000000000000000000000000
========================================================================
Received Prepare
Registering precompiled user dll's ...
Registered in 0.007017 seconds.
Begin MonoManager ReloadAssembly
Native extension for WindowsStandalone target not found
Refreshing native plugins compatible for Editor in 0.44 ms, found 0 plugins.
Preloading 0 native plugins for Editor in 0.00 ms.
Invoked RoslynAnalysisRunner static constructor.
RoslynAnalysisRunner will not be running.
RoslynAnalysisRunner has terminated.
Mono: successfully reloaded assembly
- Completed reload, in  1.053 seconds
Platform modules already initialized, skipping
Switching build target platform(5) subTarget(0) extendedPlatform(0) -> platform(13) subTarget(589824) extendedPlatform(0)
Refreshing native plugins compatible for Editor in 0.52 ms, found 0 plugins.
Preloading 0 native plugins for Editor in 0.00 ms.
Unloading 1559 Unused Serialized files (Serialized files now loaded: 0)
System memory in use before: 98.5 MB.
System memory in use after: 98.6 MB.

Unloading 24 unused Assets to reduce memory usage. Loaded Objects now: 2157.
Total: 14.832000 ms (FindLiveObjects: 0.166500 ms CreateObjectMapping: 0.048400 ms MarkObjects: 14.592300 ms  DeleteObjects: 0.023100 ms)

AssetImportParameters requested are different than current active one (requested -> active):
  custom:graphics/normal-map-encoding: 01000000000000000000000000000000 -> 02000000000000000000000000000000
========================================================================
Received Prepare
Registering precompiled user dll's ...
Registered in 0.007077 seconds.
Begin MonoManager ReloadAssembly
Native extension for WindowsStandalone target not found
Refreshing native plugins compatible for Editor in 0.50 ms, found 0 plugins.
Preloading 0 native plugins for Editor in 0.00 ms.
Invoked RoslynAnalysisRunner static constructor.
RoslynAnalysisRunner will not be running.
RoslynAnalysisRunner has terminated.
Mono: successfully reloaded assembly
- Completed reload, in  1.140 seconds
Platform modules already initialized, skipping
Switching build target platform(5) subTarget(0) extendedPlatform(0) -> platform(13) subTarget(589824) extendedPlatform(0)
Refreshing native plugins compatible for Editor in 0.68 ms, found 0 plugins.
Preloading 0 native plugins for Editor in 0.00 ms.
Unloading 1559 Unused Serialized files (Serialized files now loaded: 0)
System memory in use before: 98.5 MB.
System memory in use after: 98.6 MB.

Unloading 24 unused Assets to reduce memory usage. Loaded Objects now: 2159.
Total: 15.907600 ms (FindLiveObjects: 0.251100 ms CreateObjectMapping: 0.065000 ms MarkObjects: 15.564900 ms  DeleteObjects: 0.025400 ms)

AssetImportParameters requested are different than current active one (requested -> active):
  custom:graphics/normal-map-encoding: 01000000000000000000000000000000 -> 02000000000000000000000000000000
========================================================================
Received Import Request.
  Time since last request: 284.776790 seconds.
  path: Assets/Data/Managers/Player.asset
  artifactKey: Guid(243ecf8942f3dd64fb9b4c5b4abeed14) Importer(815301076,1909f56bfc062723c751e8b465ee728b)
Start importing Assets/Data/Managers/Player.asset using Guid(243ecf8942f3dd64fb9b4c5b4abeed14) Importer(815301076,1909f56bfc062723c751e8b465ee728b)  -> (artifact id: '57254e5c8a46cb6887015c793d3b4261') in 0.014725 seconds
  Import took 0.018286 seconds .

========================================================================
Received Import Request.
  Time since last request: 2.346194 seconds.
  path: Assets/Data/Items/Weapons/Booster Sword.asset
  artifactKey: Guid(1442b2dc470d7074b8258fe2a088e6e5) Importer(815301076,1909f56bfc062723c751e8b465ee728b)
Start importing Assets/Data/Items/Weapons/Booster Sword.asset using Guid(1442b2dc470d7074b8258fe2a088e6e5) Importer(815301076,1909f56bfc062723c751e8b465ee728b)  -> (artifact id: 'e9433e0d9b0c9881ded721c46a388f7b') in 0.016488 seconds
  Import took 0.019008 seconds .

========================================================================
Received Import Request.
  Time since last request: 0.091609 seconds.
  path: Assets/Data/Items/Weapons/Booster Sword.asset
  artifactKey: Guid(1442b2dc470d7074b8258fe2a088e6e5) Importer(815301076,1909f56bfc062723c751e8b465ee728b)
Start importing Assets/Data/Items/Weapons/Booster Sword.asset using Guid(1442b2dc470d7074b8258fe2a088e6e5) Importer(815301076,1909f56bfc062723c751e8b465ee728b)  -> (artifact id: 'e9433e0d9b0c9881ded721c46a388f7b') in 0.003342 seconds
  Import took 0.005787 seconds .

========================================================================
Received Prepare
Registering precompiled user dll's ...
Registered in 0.006957 seconds.
Begin MonoManager ReloadAssembly
Native extension for WindowsStandalone target not found
Refreshing native plugins compatible for Editor in 0.42 ms, found 0 plugins.
Preloading 0 native plugins for Editor in 0.00 ms.
Invoked RoslynAnalysisRunner static constructor.
RoslynAnalysisRunner will not be running.
RoslynAnalysisRunner has terminated.
Mono: successfully reloaded assembly
- Completed reload, in  1.056 seconds
Platform modules already initialized, skipping
Switching build target platform(5) subTarget(0) extendedPlatform(0) -> platform(13) subTarget(589824) extendedPlatform(0)
Refreshing native plugins compatible for Editor in 0.44 ms, found 0 plugins.
Preloading 0 native plugins for Editor in 0.00 ms.
Unloading 1559 Unused Serialized files (Serialized files now loaded: 0)
System memory in use before: 98.5 MB.
System memory in use after: 98.6 MB.

Unloading 24 unused Assets to reduce memory usage. Loaded Objects now: 2161.
Total: 15.836100 ms (FindLiveObjects: 0.156000 ms CreateObjectMapping: 0.085100 ms MarkObjects: 15.572900 ms  DeleteObjects: 0.020700 ms)

AssetImportParameters requested are different than current active one (requested -> active):
  custom:graphics/normal-map-encoding: 01000000000000000000000000000000 -> 02000000000000000000000000000000
========================================================================
Received Prepare
Registering precompiled user dll's ...
Registered in 0.007680 seconds.
Begin MonoManager ReloadAssembly
Native extension for WindowsStandalone target not found
Refreshing native plugins compatible for Editor in 0.41 ms, found 0 plugins.
Preloading 0 native plugins for Editor in 0.00 ms.
Invoked RoslynAnalysisRunner static constructor.
RoslynAnalysisRunner will not be running.
RoslynAnalysisRunner has terminated.
Mono: successfully reloaded assembly
- Completed reload, in  1.045 seconds
Platform modules already initialized, skipping
Switching build target platform(5) subTarget(0) extendedPlatform(0) -> platform(13) subTarget(589824) extendedPlatform(0)
Refreshing native plugins compatible for Editor in 0.42 ms, found 0 plugins.
Preloading 0 native plugins for Editor in 0.00 ms.
Unloading 1559 Unused Serialized files (Serialized files now loaded: 0)
System memory in use before: 98.5 MB.
System memory in use after: 98.6 MB.

Unloading 24 unused Assets to reduce memory usage. Loaded Objects now: 2163.
Total: 14.717300 ms (FindLiveObjects: 0.160900 ms CreateObjectMapping: 0.050400 ms MarkObjects: 14.479400 ms  DeleteObjects: 0.025100 ms)

AssetImportParameters requested are different than current active one (requested -> active):
  custom:graphics/normal-map-encoding: 01000000000000000000000000000000 -> 02000000000000000000000000000000
========================================================================
Received Prepare
Registering precompiled user dll's ...
Registered in 0.006880 seconds.
Begin MonoManager ReloadAssembly
Native extension for WindowsStandalone target not found
Refreshing native plugins compatible for Editor in 0.46 ms, found 0 plugins.
Preloading 0 native plugins for Editor in 0.00 ms.
Invoked RoslynAnalysisRunner static constructor.
RoslynAnalysisRunner will not be running.
RoslynAnalysisRunner has terminated.
Mono: successfully reloaded assembly
- Completed reload, in  1.041 seconds
Platform modules already initialized, skipping
Switching build target platform(5) subTarget(0) extendedPlatform(0) -> platform(13) subTarget(589824) extendedPlatform(0)
Refreshing native plugins compatible for Editor in 0.41 ms, found 0 plugins.
Preloading 0 native plugins for Editor in 0.00 ms.
Unloading 1559 Unused Serialized files (Serialized files now loaded: 0)
System memory in use before: 98.5 MB.
System memory in use after: 98.6 MB.

Unloading 24 unused Assets to reduce memory usage. Loaded Objects now: 2165.
Total: 14.730500 ms (FindLiveObjects: 0.165100 ms CreateObjectMapping: 0.048500 ms MarkObjects: 14.492900 ms  DeleteObjects: 0.022600 ms)

AssetImportParameters requested are different than current active one (requested -> active):
  custom:graphics/normal-map-encoding: 01000000000000000000000000000000 -> 02000000000000000000000000000000
========================================================================
Received Prepare
Registering precompiled user dll's ...
Registered in 0.006892 seconds.
Begin MonoManager ReloadAssembly
Native extension for WindowsStandalone target not found
Refreshing native plugins compatible for Editor in 0.47 ms, found 0 plugins.
Preloading 0 native plugins for Editor in 0.00 ms.
Invoked RoslynAnalysisRunner static constructor.
RoslynAnalysisRunner will not be running.
RoslynAnalysisRunner has terminated.
Mono: successfully reloaded assembly
- Completed reload, in  1.042 seconds
Platform modules already initialized, skipping
Switching build target platform(5) subTarget(0) extendedPlatform(0) -> platform(13) subTarget(589824) extendedPlatform(0)
Refreshing native plugins compatible for Editor in 0.41 ms, found 0 plugins.
Preloading 0 native plugins for Editor in 0.00 ms.
Unloading 1559 Unused Serialized files (Serialized files now loaded: 0)
System memory in use before: 98.5 MB.
System memory in use after: 98.7 MB.

Unloading 24 unused Assets to reduce memory usage. Loaded Objects now: 2167.
Total: 14.745500 ms (FindLiveObjects: 0.159700 ms CreateObjectMapping: 0.048100 ms MarkObjects: 14.511800 ms  DeleteObjects: 0.024600 ms)

AssetImportParameters requested are different than current active one (requested -> active):
  custom:graphics/normal-map-encoding: 01000000000000000000000000000000 -> 02000000000000000000000000000000
========================================================================
Received Prepare
Registering precompiled user dll's ...
Registered in 0.007188 seconds.
Begin MonoManager ReloadAssembly
Native extension for WindowsStandalone target not found
Refreshing native plugins compatible for Editor in 0.41 ms, found 0 plugins.
Preloading 0 native plugins for Editor in 0.00 ms.
Invoked RoslynAnalysisRunner static constructor.
RoslynAnalysisRunner will not be running.
RoslynAnalysisRunner has terminated.
Mono: successfully reloaded assembly
- Completed reload, in  1.041 seconds
Platform modules already initialized, skipping
Switching build target platform(5) subTarget(0) extendedPlatform(0) -> platform(13) subTarget(589824) extendedPlatform(0)
Refreshing native plugins compatible for Editor in 0.41 ms, found 0 plugins.
Preloading 0 native plugins for Editor in 0.00 ms.
Unloading 1559 Unused Serialized files (Serialized files now loaded: 0)
System memory in use before: 98.6 MB.
System memory in use after: 98.7 MB.

Unloading 24 unused Assets to reduce memory usage. Loaded Objects now: 2169.
Total: 14.046400 ms (FindLiveObjects: 0.313800 ms CreateObjectMapping: 0.057300 ms MarkObjects: 13.653500 ms  DeleteObjects: 0.020000 ms)

AssetImportParameters requested are different than current active one (requested -> active):
  custom:graphics/normal-map-encoding: 01000000000000000000000000000000 -> 02000000000000000000000000000000
